2015-2-27-12 5819 6811
2015-2-27-13 5819 6811
2015-2-27-15 5898 6887
2015-2-27-16 5878 6864
2015-2-27-17 5875 6861
2015-2-27-18 5835 6817
2015-2-27-19 5774 6755
2015-2-27-20 5768 6762
2015-2-27-21 5741 6737
2015-2-27-22 5713 6705
2015-2-27-23 5713 6705
2015-2-28-0 5696 6690
2015-2-28-1 5664 6652
2015-2-28-2 5683 6681
2015-2-28-3 5709 6707
2015-2-28-4 5763 6757
2015-2-28-5 5806 6799
2015-2-28-6 5835 6830
2015-2-28-7 5860 6850
2015-2-28-8 5855 6842
2015-2-28-9 5858 6843
2015-2-28-10 5892 6880
2015-2-28-11 5902 6886
2015-2-28-12 5909 6893
2015-2-28-13 5892 6878
2015-2-28-14 5901 6883
2015-2-28-15 5907 6885
2015-2-28-16 5893 6876
2015-2-28-17 5890 6871
2015-2-28-18 5865 6838
2015-2-28-19 5811 6779
2015-2-28-20 5824 6804
2015-2-28-21 5818 6803
2015-2-28-22 5794 6793
2015-2-28-23 5790 6786
2015-3-1-0 5767 6772
2015-3-1-1 5749 6754
2015-3-1-2 5785 6802
2015-3-1-3 5821 6831
2015-3-1-4 5853 6868
2015-3-1-5 5910 6922
2015-3-1-6 5940 6948
2015-3-1-7 5959 6967
2015-3-1-8 5977 6988
2015-3-1-9 6006 7016
2015-3-1-10 6015 7023
2015-3-1-11 6014 7018
2015-3-1-12 6024 7031
2015-3-1-13 6017 7022
2015-3-1-14 6040 7042
2015-3-1-15 6044 7056
2015-3-1-16 6015 7018
2015-3-1-17 5991 6995
2015-3-1-18 5928 6935
2015-3-1-19 5854 6862
2015-3-1-20 5833 6842
2015-3-1-21 5816 6823
2015-3-1-22 5809 6817
2015-3-1-23 5785 6792
2015-3-2-0 5791 6800
2015-3-2-1 5778 6781
2015-3-2-2 5785 6801
2015-3-2-3 5800 6823
2015-3-2-4 5836 6857
2015-3-2-5 5848 6865
2015-3-2-6 5880 6894
2015-3-2-7 5883 6895
2015-3-2-8 5896 6908
2015-3-2-9 5895 6904
2015-3-2-10 5914 6923
2015-3-2-11 5914 6919
2015-3-2-12 5936 6940
2015-3-2-13 5976 6976
2015-3-2-14 5996 7002
2015-3-2-15 5994 6999
2015-3-2-16 6000 7001
2015-3-2-17 5982 6987
2015-3-2-18 5932 6937
2015-3-2-19 5847 6848
2015-3-2-20 5838 6843
2015-3-2-21 5810 6816
2015-3-2-22 5798 6800
2015-3-2-23 5789 6792
2015-3-3-0 5781 6786
2015-3-3-1 5790 6793
2015-3-3-2 5797 6806
2015-3-3-3 5810 6824
2015-3-3-4 5852 6864
2015-3-3-5 5849 6857
2015-3-3-6 5853 6863
2015-3-3-7 5860 6870
2015-3-3-8 5877 6886
2015-3-3-9 5896 6900
2015-3-3-10 5903 6903
2015-3-3-11 5917 6919
2015-3-3-12 5964 6972
2015-3-3-13 5984 6987
2015-3-3-14 5999 7000
2015-3-3-15 6013 7007
2015-3-3-16 6026 7029
2015-3-3-17 6007 7020
2015-3-3-18 5981 6995
2015-3-3-19 5908 6915
2015-3-3-20 5882 6894
2015-3-3-21 5854 6869
2015-3-3-22 5836 6848
2015-3-3-23 5808 6810
2015-3-4-0 5790 6802
2015-3-4-1 5789 6800
2015-3-4-2 5813 6829
2015-3-4-3 5826 6840
2015-3-4-4 5884 6905
2015-3-4-5 5902 6922
2015-3-4-6 5921 6936
2015-3-4-7 5932 6944
2015-3-4-8 5935 6947
2015-3-4-9 5947 6960
2015-3-4-10 5968 6973
2015-3-4-11 5976 6982
2015-3-4-12 5950 6925
2015-3-4-13 5956 6938
2015-3-4-14 5956 6938
2015-3-4-15 5956 6938
2015-3-4-16 5956 6938
2015-3-4-17 5956 6938
2015-3-4-18 5956 6938
2015-3-4-19 5956 6938
2015-3-4-20 5956 6938
2015-3-4-21 5956 6938
2015-3-4-22 5956 6938
2015-3-4-23 5956 6938
2015-3-5-0 5956 6938
2015-3-5-1 5956 6938
2015-3-5-2 5956 6938
2015-3-5-3 5956 6938
2015-3-5-4 5956 6938
2015-3-5-5 5956 6938
2015-3-5-6 5956 6938
2015-3-5-7 5956 6938
2015-3-5-8 5956 6938
2015-3-5-9 5956 6938
2015-3-5-16 5834 6868
2015-3-5-17 5834 6868
2015-3-5-18 5940 6953
2015-3-5-19 5987 7004
2015-3-5-20 5899 6921
2015-3-5-21 5868 6892
2015-3-5-22 5823 6844
2015-3-5-23 5796 6819
2015-3-6-0 5791 6816
2015-3-6-1 5792 6818
2015-3-6-2 5813 6853
2015-3-6-3 5817 6856
2015-3-6-4 5855 6897
2015-3-6-5 5871 6905
2015-3-6-6 5886 6922
2015-3-6-7 5912 6945
2015-3-6-8 5916 6946
2015-3-6-9 5916 6944
2015-3-6-10 5933 6962
2015-3-6-11 5956 6985
2015-3-6-12 5961 6989
2015-3-6-13 5988 7012
2015-3-6-14 5987 7012
2015-3-6-15 5976 7002
2015-3-6-16 5956 6982
2015-3-6-17 5945 6964
2015-3-6-18 5912 6935
2015-3-6-19 5878 6903
2015-3-6-20 5854 6883
2015-3-6-21 5834 6848
2015-3-6-22 5815 6832
2015-3-6-23 5793 6810
2015-3-7-0 5799 6817
2015-3-7-1 5775 6799
2015-3-7-2 5775 6799
2015-3-7-3 5798 6827
2015-3-7-4 5836 6865
2015-3-7-5 5870 6901
2015-3-7-6 5907 6928
2015-3-7-7 5922 6945
2015-3-7-8 5944 6969
2015-3-7-9 5935 6961
2015-3-7-10 5933 6962
2015-3-7-11 5941 6964
2015-3-7-12 5957 6982
2015-3-7-13 5951 6969
2015-3-7-14 5958 6968
2015-3-7-15 5953 6958
2015-3-7-16 5958 6962
2015-3-7-17 5951 6959
2015-3-7-18 5917 6926
2015-3-7-19 5882 6888
2015-3-7-20 5848 6856
2015-3-7-21 5858 6869
2015-3-7-22 5819 6833
2015-3-7-23 5786 6797
2015-3-8-0 5766 6775
2015-3-8-1 5743 6761
2015-3-8-3 5762 6790
2015-3-8-4 5779 6806
2015-3-8-5 5821 6850
2015-3-8-6 5857 6886
2015-3-8-7 5889 6917
2015-3-8-8 5938 6963
2015-3-8-9 5957 6979
2015-3-8-10 5944 6970
2015-3-8-11 5945 6972
2015-3-8-12 5968 6988
2015-3-8-13 5988 7004
2015-3-8-14 6003 7017
2015-3-8-15 6021 7036
2015-3-8-16 6040 7056
2015-3-8-17 6024 7033
2015-3-8-18 6002 7012
2015-3-8-19 5952 6961
2015-3-8-20 5884 6891
2015-3-8-21 5855 6863
2015-3-8-22 5851 6871
2015-3-8-23 5823 6843
2015-3-9-0 5790 6804
2015-3-9-1 5782 6803
2015-3-9-2 5780 6811
2015-3-9-3 5785 6820
2015-3-9-4 5808 6845
2015-3-9-5 5831 6869
2015-3-9-6 5851 6888
2015-3-9-7 5877 6908
2015-3-9-8 5900 6929
2015-3-9-9 5923 6953
2015-3-9-10 5933 6966
2015-3-9-11 5920 6951
2015-3-9-12 5941 6964
2015-3-9-13 5969 6990
2015-3-9-14 5977 7002
2015-3-9-15 5990 7018
2015-3-9-16 5990 7013
2015-3-9-17 5978 7000
2015-3-9-18 5976 6997
2015-3-9-19 5940 6957
2015-3-9-20 5857 6875
2015-3-9-21 5807 6821
2015-3-9-22 5807 6824
2015-3-9-23 5783 6803
2015-3-10-0 5755 6772
2015-3-10-1 5741 6755
2015-3-10-2 5757 6785
2015-3-10-3 5766 6794
2015-3-10-4 5789 6818
2015-3-10-5 5808 6832
2015-3-10-6 5851 6879
2015-3-10-7 5857 6885
2015-3-10-8 5873 6895
2015-3-10-9 5906 6926
2015-3-10-10 5917 6937
2015-3-10-11 5935 6957
2015-3-10-12 5942 6966
2015-3-10-13 5979 7003
2015-3-10-14 6016 7035
2015-3-10-15 6014 7037
2015-3-10-16 5990 7014
2015-3-10-17 5988 7008
2015-3-10-18 5989 7007
2015-3-10-19 5950 6969
2015-3-10-20 5881 6909
2015-3-10-21 5842 6876
2015-3-10-22 5837 6863
2015-3-10-23 5789 6806
2015-3-11-0 5769 6782
2015-3-11-1 5749 6764
2015-3-11-2 5759 6776
2015-3-11-3 5757 6778
2015-3-11-4 5768 6795
2015-3-11-5 5796 6822
2015-3-11-6 5825 6848
2015-3-11-7 5827 6849
2015-3-11-8 5854 6872
2015-3-11-9 5861 6879
2015-3-11-10 5895 6915
2015-3-11-11 5896 6917
2015-3-11-12 5906 6926
2015-3-11-13 5911 6929
2015-3-11-14 5931 6947
2015-3-11-15 5956 6968
2015-3-11-16 5966 6971
2015-3-11-17 5967 6981
2015-3-11-18 5936 6948
2015-3-11-19 5917 6926
2015-3-11-20 5860 6869
2015-3-11-21 5798 6803
2015-3-11-22 5788 6798
2015-3-11-23 5762 6769
2015-3-12-0 5745 6748
2015-3-12-1 5731 6738
2015-3-12-2 5746 6759
2015-3-12-3 5752 6765
2015-3-12-4 5763 6779
2015-3-12-5 5787 6801
2015-3-12-6 5802 6815
2015-3-12-7 5819 6823
2015-3-12-8 5833 6836
2015-3-12-9 5815 6821
2015-3-12-10 5821 6827
2015-3-12-11 5853 6858
2015-3-12-12 5870 6876
2015-3-12-13 5854 6861
2015-3-12-14 5896 6899
2015-3-12-15 5909 6915
2015-3-12-16 5926 6928
2015-3-12-17 5906 6907
2015-3-12-18 5907 6911
2015-3-12-19 5844 6847
2015-3-12-20 5789 6777
2015-3-12-21 5755 6749
2015-3-12-22 5747 6744
2015-3-12-23 5723 6717
2015-3-13-0 5703 6694
2015-3-13-1 5695 6688
2015-3-13-2 5716 6716
2015-3-13-3 5727 6729
2015-3-13-4 5761 6765
2015-3-13-5 5777 6781
2015-3-13-6 5807 6807
2015-3-13-7 5832 6831
2015-3-13-8 5856 6853
2015-3-13-9 5855 6853
2015-3-13-10 5864 6858
2015-3-13-11 5883 6877
2015-3-13-12 5900 6899
2015-3-13-13 5916 6912
2015-3-13-14 5909 6908
2015-3-13-15 5926 6929
2015-3-13-16 5932 6930
2015-3-13-17 5937 6934
2015-3-13-18 5910 6909
2015-3-13-19 5875 6870
2015-3-13-20 5832 6825
2015-3-13-21 5807 6796
2015-3-13-22 5782 6774
2015-3-13-23 5755 6747
2015-3-14-0 5744 6733
2015-3-14-1 5742 6735
2015-3-14-2 5745 6744
2015-3-14-3 5763 6764
2015-3-14-4 5785 6789
2015-3-14-5 5810 6817
2015-3-14-6 5858 6866
2015-3-14-7 5877 6879
2015-3-14-8 5912 6911
2015-3-14-9 5937 6939
2015-3-14-10 5964 6966
2015-3-14-11 5947 6943
2015-3-14-12 5952 6944
2015-3-14-13 5960 6946
2015-3-14-14 5948 6934
2015-3-14-15 5948 6934
2015-3-14-16 5949 6933
2015-3-14-17 5920 6901
2015-3-14-18 5912 6893
2015-3-14-19 5873 6857
2015-3-14-20 5823 6803
2015-3-14-21 5793 6776
2015-3-14-22 5773 6753
2015-3-14-23 5761 6739
2015-3-15-0 5726 6705
2015-3-15-1 5711 6692
2015-3-15-2 5714 6703
2015-3-15-3 5706 6692
2015-3-15-4 5727 6717
2015-3-15-5 5788 6780
2015-3-15-6 5824 6818
2015-3-15-7 5881 6868
2015-3-15-8 5896 6880
2015-3-15-9 5906 6892
2015-3-15-10 5952 6936
2015-3-15-11 5962 6949
2015-3-15-12 5959 6943
2015-3-15-13 5973 6957
2015-3-15-14 5968 6956
2015-3-15-15 5950 6938
2015-3-15-16 5961 6947
2015-3-15-17 5945 6930
2015-3-15-18 5916 6894
2015-3-15-19 5869 6845
2015-3-15-20 5790 6763
2015-3-15-21 5771 6748
2015-3-15-22 5743 6718
2015-3-15-23 5722 6702
2015-3-16-0 5704 6683
2015-3-16-1 5695 6675
2015-3-16-2 5707 6699
2015-3-16-3 5719 6707
2015-3-16-4 5739 6729
2015-3-16-5 5768 6759
2015-3-16-6 5787 6774
2015-3-16-7 5820 6810
2015-3-16-8 5826 6810
2015-3-16-9 5826 6803
2015-3-16-10 5847 6827
2015-3-16-11 5850 6828
2015-3-16-12 5850 6826
2015-3-16-13 5867 6845
2015-3-16-14 5887 6868
2015-3-16-15 5902 6884
2015-3-16-16 5908 6893
2015-3-16-17 5893 6877
2015-3-16-18 5861 6839
2015-3-16-19 5814 6790
2015-3-16-20 5756 6734
2015-3-16-21 5718 6696
2015-3-16-22 5696 6673
2015-3-16-23 5673 6647
2015-3-17-0 5651 6626
2015-3-17-1 5645 6620
2015-3-17-2 5665 6647
2015-3-17-3 5673 6653
2015-3-17-4 5702 6687
2015-3-17-5 5713 6693
2015-3-17-6 5750 6732
2015-3-17-7 5758 6743
2015-3-17-8 5750 6734
2015-3-17-9 5753 6734
2015-3-17-10 5765 6747
2015-3-17-11 5783 6763
2015-3-17-12 5774 6751
2015-3-17-13 5808 6786
2015-3-17-14 5830 6809
2015-3-17-15 5831 6806
2015-3-17-16 5856 6835
2015-3-17-17 5880 6855
2015-3-17-18 5876 6856
2015-3-17-19 5838 6813
2015-3-17-20 5783 6758
2015-3-17-21 5727 6703
2015-3-17-22 5697 6674
2015-3-17-23 5684 6662
2015-3-18-0 5674 6649
2015-3-18-1 5656 6630
2015-3-18-2 5651 6633
2015-3-18-3 5681 6664
2015-3-18-4 5675 6659
2015-3-18-5 5710 6693
2015-3-18-6 5725 6707
2015-3-18-7 5751 6734
2015-3-18-8 5779 6762
2015-3-18-9 5774 6753
2015-3-18-10 5777 6759
2015-3-18-11 5779 6762
2015-3-18-12 5791 6768
2015-3-18-13 5821 6784
2015-3-18-14 5852 6819
2015-3-18-15 5871 6841
2015-3-18-16 5870 6840
2015-3-18-17 5874 6841
2015-3-18-18 5833 6799
2015-3-18-19 5796 6762
2015-3-18-20 5739 6702
2015-3-18-21 5709 6671
2015-3-18-22 5703 6669
2015-3-18-23 5678 6645
2015-3-19-0 5656 6627
2015-3-19-1 5644 6617
2015-3-19-2 5659 6640
2015-3-19-3 5666 6643
2015-3-19-4 5679 6656
2015-3-19-5 5706 6684
2015-3-19-6 5734 6715
2015-3-19-7 5736 6719
2015-3-19-8 5747 6728
2015-3-19-9 5744 6721
2015-3-19-10 5752 6724
2015-3-19-11 5770 6743
2015-3-19-12 5797 6769
2015-3-19-13 5835 6816
2015-3-19-14 5852 6832
2015-3-19-15 5869 6843
2015-3-19-16 5891 6865
2015-3-19-17 5877 6853
2015-3-19-18 5863 6848
2015-3-19-19 5814 6781
2015-3-19-20 5750 6713
2015-3-19-21 5731 6699
2015-3-19-22 5715 6679
2015-3-19-23 5685 6647
2015-3-20-0 5657 6617
2015-3-20-1 5641 6604
2015-3-20-2 5667 6636
2015-3-20-3 5686 6658
2015-3-20-4 5705 6684
2015-3-20-5 5743 6721
2015-3-20-6 5757 6734
2015-3-20-7 5757 6735
2015-3-20-8 5777 6753
2015-3-20-9 5788 6767
2015-3-20-10 5801 6775
2015-3-20-11 5822 6794
2015-3-20-12 5834 6808
2015-3-20-13 5850 6824
2015-3-20-14 5869 6844
2015-3-20-15 5871 6848
2015-3-20-16 5906 6879
2015-3-20-17 5876 6850
2015-3-20-18 5862 6836
2015-3-20-19 5834 6809
2015-3-20-20 5767 6738
2015-3-20-21 5748 6715
2015-3-20-22 5736 6702
2015-3-20-23 5721 6691
2015-3-21-0 5688 6660
2015-3-21-1 5668 6636
2015-3-21-2 5672 6650
2015-3-21-3 5682 6661
2015-3-21-4 5700 6682
2015-3-21-5 5749 6729
2015-3-21-6 5773 6753
2015-3-21-7 5793 6775
2015-3-21-8 5811 6792
2015-3-21-9 5831 6810
2015-3-21-10 5864 6842
2015-3-21-11 5851 6827
2015-3-21-12 5864 6840
2015-3-21-13 5873 6850
2015-3-21-14 5871 6850
2015-3-21-15 5882 6853
2015-3-21-16 5865 6832
2015-3-21-17 5867 6839
2015-3-21-18 5847 6818
2015-3-21-19 5815 6783
2015-3-21-20 5770 6735
2015-3-21-21 5749 6711
2015-3-21-22 5722 6685
2015-3-21-23 5693 6657
2015-3-22-0 5673 6634
2015-3-22-1 5668 6636
2015-3-22-2 5664 6640
2015-3-22-3 5671 6642
2015-3-22-4 5675 6651
2015-3-22-5 5721 6699
2015-3-22-6 5772 6750
2015-3-22-7 5795 6770
2015-3-22-8 5831 6810
2015-3-22-9 5837 6816
2015-3-22-10 5862 6840
2015-3-22-11 5861 6838
2015-3-22-12 5873 6844
2015-3-22-13 5859 6834
2015-3-22-14 5868 6842
2015-3-22-15 5882 6859
2015-3-22-16 5873 6848
2015-3-22-17 5857 6835
2015-3-22-18 5848 6822
2015-3-22-19 5809 6784
2015-3-22-20 5745 6719
2015-3-22-21 5714 6685
2015-3-22-22 5707 6678
2015-3-22-23 5683 6655
2015-3-23-0 5661 6634
2015-3-23-1 5654 6630
2015-3-23-2 5660 6640
2015-3-23-3 5648 6630
2015-3-23-4 5671 6658
2015-3-23-5 5711 6696
2015-3-23-6 5719 6702
2015-3-23-7 5724 6706
2015-3-23-8 5750 6730
2015-3-23-9 5774 6753
2015-3-23-10 5783 6752
2015-3-23-11 5776 6745
2015-3-23-12 5793 6762
2015-3-23-13 5801 6771
2015-3-23-14 5823 6794
2015-3-23-15 5837 6809
2015-3-23-16 5856 6829
2015-3-23-17 5872 6846
2015-3-23-18 5846 6816
2015-3-23-19 5805 6773
2015-3-23-20 5733 6698
2015-3-23-21 5723 6689
2015-3-23-22 5713 6679
2015-3-23-23 5687 6655
2015-3-24-0 5665 6630
2015-3-24-1 5666 6631
2015-3-24-2 5674 6646
2015-3-24-3 5692 6664
2015-3-24-4 5710 6686
2015-3-24-5 5747 6722
2015-3-24-6 5748 6723
2015-3-24-7 5765 6738
2015-3-24-8 5770 6743
2015-3-24-9 5779 6746
2015-3-24-10 5782 6751
2015-3-24-11 5793 6760
2015-3-24-12 5807 6769
2015-3-24-13 5807 6773
2015-3-24-14 5842 6811
2015-3-24-15 5862 6828
2015-3-24-16 5865 6832
2015-3-24-17 5877 6840
2015-3-24-18 5840 6806
2015-3-24-19 5786 6753
2015-3-24-20 5730 6692
2015-3-24-21 5720 6689
2015-3-24-22 5709 6676
2015-3-24-23 5674 6640
2015-3-25-0 5647 6619
2015-3-25-1 5648 6616
2015-3-25-2 5650 6628
2015-3-25-3 5647 6629
2015-3-25-4 5673 6657
2015-3-25-5 5701 6680
2015-3-25-6 5707 6685
2015-3-25-7 5722 6698
2015-3-25-8 5725 6702
2015-3-25-9 5734 6712
2015-3-25-10 5753 6730
2015-3-25-11 5745 6720
2015-3-25-12 5780 6756
2015-3-25-13 5778 6757
2015-3-25-14 5809 6784
2015-3-25-15 5836 6807
2015-3-25-16 5829 6799
2015-3-25-17 5813 6780
2015-3-25-18 5808 6773
2015-3-25-19 5760 6727
2015-3-25-20 5705 6670
2015-3-25-21 5673 6642
2015-3-25-22 5669 6636
2015-3-25-23 5641 6604
2015-3-26-0 5626 6591
2015-3-26-1 5615 6582
2015-3-26-2 5623 6603
2015-3-26-3 5641 6620
2015-3-26-4 5655 6636
2015-3-26-5 5655 6636
2015-3-26-6 5655 6636
2015-3-26-7 5655 6636
2015-3-26-8 5655 6636
2015-3-26-9 5655 6636
2015-3-26-11 5751 6718
2015-3-26-12 5756 6722
2015-3-26-13 5770 6741
2015-3-26-14 5778 6746
2015-3-26-15 5810 6779
2015-3-26-16 5821 6787
2015-3-26-17 5822 6790
2015-3-26-18 5790 6756
2015-3-26-19 5760 6723
2015-3-26-20 5694 6662
2015-3-26-21 5673 6652
2015-3-26-22 5658 6638
2015-3-26-23 5635 6619
2015-3-27-0 5623 6604
2015-3-27-1 5610 6587
2015-3-27-2 5619 6603
2015-3-27-3 5630 6617
2015-3-27-4 5650 6635
2015-3-27-5 5677 6661
2015-3-27-6 5677 6661
2015-3-27-7 5677 6661
2015-3-27-8 5677 6661
2015-3-27-9 5677 6661
2015-3-27-10 5677 6661
2015-3-27-12 5719 6704
2015-3-27-13 5719 6704
2015-3-27-14 5634 6607
2015-3-27-15 5681 6652
2015-3-27-16 5679 6647
2015-3-27-17 5680 6639
2015-3-27-18 5655 6620
2015-3-27-19 5635 6599
2015-3-27-20 5601 6561
2015-3-27-21 5574 6538
2015-3-27-22 5551 6514
2015-3-27-23 5526 6489
2015-3-28-0 5528 6492
2015-3-28-1 5498 6460
2015-3-28-2 5504 6466
2015-3-28-3 5504 6473
2015-3-28-4 5510 6479
2015-3-28-5 5582 6548
2015-3-28-6 5598 6569
2015-3-28-7 5621 6592
2015-3-28-8 5644 6607
2015-3-28-9 5663 6623
2015-3-28-10 5678 6644
2015-3-28-11 5678 6638
2015-3-28-12 5684 6644
2015-3-28-13 5678 6640
2015-3-28-14 5686 6647
2015-3-28-15 5697 6656
2015-3-28-16 5698 6656
2015-3-28-17 5670 6626
2015-3-28-18 5666 6619
2015-3-28-19 5615 6570
2015-3-28-20 5553 6502
2015-3-28-21 5544 6502
2015-3-28-22 5536 6503
2015-3-28-23 5520 6481
2015-3-29-0 5483 6445
2015-3-29-1 5483 6441
2015-3-29-2 5492 6462
2015-3-29-3 5502 6476
2015-3-29-4 5526 6501
2015-3-29-5 5553 6529
2015-3-29-6 5582 6558
2015-3-29-7 5609 6586
2015-3-29-8 5635 6611
2015-3-29-9 5667 6639
2015-3-29-10 5661 6631
2015-3-29-11 5645 6611
2015-3-29-12 5676 6644
2015-3-29-13 5675 6644
2015-3-29-14 5699 6668
2015-3-29-15 5683 6651
2015-3-29-16 5661 6630
2015-3-29-17 5660 6628
2015-3-29-18 5638 6604
2015-3-29-19 5578 6544
2015-3-29-20 5548 6515
2015-3-29-21 5507 6475
2015-3-29-22 5494 6462
2015-3-29-23 5484 6442
2015-3-30-0 5482 6440
2015-3-30-1 5481 6435
2015-3-30-2 5499 6465
2015-3-30-3 5512 6481
2015-3-30-4 5533 6509
2015-3-30-5 5570 6543
2015-3-30-6 5578 6553
2015-3-30-7 5585 6558
2015-3-30-8 5578 6551
2015-3-30-9 5590 6560
2015-3-30-10 5601 6575
2015-3-30-11 5617 6587
2015-3-30-12 5627 6603
2015-3-30-13 5643 6622
2015-3-30-14 5665 6644
2015-3-30-15 5682 6662
2015-3-30-16 5688 6666
2015-3-30-17 5680 6658
2015-3-30-18 5630 6611
2015-3-30-19 5570 6548
2015-3-30-20 5523 6504
2015-3-30-21 5492 6464
2015-3-30-22 5492 6470
2015-3-30-23 5465 6442
2015-4-1-0 5517 6524
2015-4-1-1 5516 6526
2015-4-1-2 5562 6588
2015-4-1-3 5584 6616
2015-4-1-4 5596 6635
2015-4-1-5 5628 6672
2015-4-1-6 5646 6686
2015-4-1-7 5667 6712
2015-4-1-8 5694 6734
2015-4-1-9 5668 6706
2015-4-1-10 5683 6721
2015-4-1-11 5703 6742
2015-4-1-12 5713 6750
2015-4-1-13 5739 6777
2015-4-1-14 5753 6792
2015-4-1-15 5756 6798
2015-4-1-16 5762 6802
2015-4-1-17 5755 6797
2015-4-1-18 5725 6764
2015-4-1-19 5668 6703
2015-4-1-20 5641 6677
2015-4-1-21 5597 6631
2015-4-1-22 5596 6630
2015-4-1-23 5573 6607
2015-4-2-0 5559 6594
2015-4-2-1 5562 6596
2015-4-2-2 5573 6617
2015-4-2-3 5571 6616
2015-4-2-4 5610 6658
2015-4-2-5 5641 6692
2015-4-2-6 5650 6697
2015-4-2-7 5659 6706
2015-4-2-8 5659 6703
2015-4-2-9 5670 6713
2015-4-2-10 5675 6716
2015-4-2-11 5670 6708
2015-4-2-12 5677 6714
2015-4-2-13 5695 6729
2015-4-2-14 5711 6743
2015-4-2-15 5719 6751
2015-4-2-16 5722 6752
2015-4-2-17 5702 6731
2015-4-2-18 5674 6703
2015-4-2-19 5630 6651
2015-4-2-20 5624 6650
2015-4-2-21 5579 6609
2015-4-2-22 5579 6611
2015-4-2-23 5552 6579
2015-4-3-0 5549 6577
2015-4-3-1 5548 6575
2015-4-3-2 5553 6588
2015-4-3-3 5566 6603
2015-4-3-4 5595 6628
2015-4-3-5 5628 6660
2015-4-3-6 5634 6670
2015-4-3-7 5646 6681
2015-4-3-8 5650 6678
2015-4-3-9 5655 6686
2015-4-3-10 5653 6681
2015-4-3-11 5650 6678
2015-4-3-12 5671 6698
2015-4-3-13 5708 6738
2015-4-3-14 5734 6761
2015-4-3-15 5741 6770
2015-4-3-16 5725 6756
2015-4-3-17 5733 6766
2015-4-3-18 5699 6732
2015-4-3-19 5657 6687
2015-4-3-20 5636 6669
2015-4-3-21 5613 6646
2015-4-3-22 5600 6639
2015-4-3-23 5579 6616
2015-4-4-0 5558 6597
2015-4-4-1 5555 6592
2015-4-4-2 5579 6625
2015-4-4-3 5601 6650
2015-4-4-4 5638 6688
2015-4-4-5 5670 6719
2015-4-4-6 5711 6757
2015-4-4-7 5718 6759
2015-4-4-8 5731 6772
2015-4-4-9 5730 6770
2015-4-4-10 5739 6784
2015-4-4-11 5743 6790
2015-4-4-12 5754 6807
2015-4-4-13 5754 6808
2015-4-4-14 5765 6817
2015-4-4-15 5760 6813
2015-4-4-16 5739 6788
2015-4-4-17 5726 6776
2015-4-4-18 5690 6735
2015-4-4-19 5662 6704
2015-4-4-20 5651 6699
2015-4-4-21 5616 6666
2015-4-4-22 5603 6654
2015-4-4-23 5568 6619
2015-4-5-0 5563 6614
2015-4-5-1 5555 6605
2015-4-5-2 5576 6634
2015-4-5-3 5587 6648
2015-4-5-4 5625 6687
2015-4-5-5 5650 6712
2015-4-5-6 5679 6739
2015-4-5-7 5706 6763
2015-4-5-8 5716 6780
2015-4-5-9 5739 6799
2015-4-5-10 5740 6798
2015-4-5-11 5718 6776
2015-4-5-12 5727 6785
2015-4-5-13 5742 6798
2015-4-5-14 5751 6804
2015-4-5-15 5771 6825
2015-4-5-16 5766 6816
2015-4-5-17 5742 6793
2015-4-5-18 5726 6780
2015-4-5-19 5701 6755
2015-4-5-20 5653 6703
2015-4-5-21 5629 6681
2015-4-5-22 5611 6664
2015-4-5-23 5603 6657
2015-4-6-0 5596 6651
2015-4-6-1 5585 6642
2015-4-6-2 5600 6663
2015-4-6-3 5598 6661
2015-4-6-4 5642 6705
2015-4-6-5 5664 6728
2015-4-6-6 5692 6754
2015-4-6-7 5731 6794
2015-4-6-8 5751 6816
2015-4-6-9 5746 6805
2015-4-6-10 5735 6791
2015-4-6-11 5728 6789
2015-4-6-12 5750 6812
2015-4-6-13 5763 6821
2015-4-6-14 5787 6841
2015-4-6-15 5776 6831
2015-4-6-16 5782 6841
2015-4-6-17 5754 6811
2015-4-6-18 5735 6796
2015-4-6-19 5690 6749
2015-4-6-20 5651 6715
2015-4-6-21 5622 6683
2015-4-6-22 5611 6675
2015-4-6-23 5594 6654
2015-4-7-0 5590 6648
2015-4-7-1 5589 6648
2015-4-7-2 5593 6654
2015-4-7-3 5602 6665
2015-4-7-4 5657 6725
2015-4-7-5 5680 6747
2015-4-7-6 5696 6759
2015-4-7-7 5694 6751
2015-4-7-8 5702 6757
2015-4-7-9 5717 6771
2015-4-7-10 5731 6785
2015-4-7-11 5739 6795
2015-4-7-12 5752 6812
2015-4-7-13 5789 6850
2015-4-7-16 5787 6843
2015-4-7-17 5750 6808
2015-4-7-18 5724 6783
2015-4-7-19 5670 6729
2015-4-7-20 5645 6702
2015-4-7-21 5614 6672
2015-4-7-22 5601 6660
2015-4-7-23 5580 6642
2015-4-8-0 5568 6633
2015-4-8-1 5556 6617
2015-4-8-2 5578 6648
2015-4-8-3 5575 6648
2015-4-8-4 5612 6689
2015-4-8-5 5613 6682
2015-4-8-6 5642 6710
2015-4-8-7 5660 6718
2015-4-8-8 5669 6730
2015-4-8-9 5700 6759
2015-4-8-10 5688 6746
2015-4-8-11 5689 6751
2015-4-8-12 5711 6772
2015-4-8-13 5711 6772
2015-4-8-14 5711 6772
2015-4-8-15 5745 6808
2015-4-8-16 5737 6802
2015-4-8-17 5721 6779
2015-4-8-18 5678 6738
2015-4-8-19 5630 6693
2015-4-8-20 5609 6670
2015-4-8-21 5571 6636
2015-4-8-22 5579 6646
2015-4-8-23 5552 6615
2015-4-9-0 5543 6607
2015-4-9-1 5539 6602
2015-4-9-2 5568 6636
2015-4-9-3 5585 6657
2015-4-9-4 5614 6687
2015-4-9-5 5649 6721
2015-4-9-6 5661 6734
2015-4-9-7 5664 6734
2015-4-9-8 5661 6728
2015-4-9-9 5666 6733
2015-4-9-10 5681 6749
2015-4-9-11 5701 6764
2015-4-9-12 5692 6756
2015-4-9-13 5711 6775
2015-4-9-14 5721 6787
2015-4-9-15 5708 6765
2015-4-9-16 5708 6766
2015-4-9-17 5687 6743
2015-4-9-18 5652 6712
2015-4-9-19 5605 6657
2015-4-9-20 5588 6643
2015-4-9-21 5563 6619
2015-4-9-22 5564 6623
2015-4-9-23 5547 6604
2015-4-10-0 5537 6592
2015-4-10-1 5528 6580
2015-4-10-2 5546 6604
2015-4-10-3 5558 6623
2015-4-10-4 5579 6644
2015-4-10-5 5611 6676
2015-4-10-6 5618 6683
2015-4-10-7 5640 6697
2015-4-10-8 5631 6694
2015-4-10-9 5655 6719
2015-4-10-10 5669 6729
2015-4-10-11 5654 6710
2015-4-10-12 5666 6725
2015-4-10-13 5678 6738
2015-4-10-14 5712 6772
2015-4-10-15 5714 6771
2015-4-10-16 5718 6778
2015-4-10-17 5697 6756
2015-4-10-18 5674 6728
2015-4-10-19 5634 6692
2015-4-10-20 5612 6676
2015-4-10-21 5574 6641
2015-4-10-22 5555 6619
2015-4-10-23 5541 6604
2015-4-11-0 5526 6587
2015-4-11-1 5509 6569
2015-4-11-2 5527 6591
2015-4-11-3 5561 6625
2015-4-11-4 5605 6672
2015-4-11-5 5620 6687
2015-4-11-6 5633 6696
2015-4-11-7 5657 6717
2015-4-11-8 5664 6728
2015-4-11-9 5694 6758
2015-4-11-10 5692 6754
2015-4-11-11 5680 6739
2015-4-11-12 5689 6752
2015-4-11-13 5696 6760
2015-4-11-15 5693 6749
2015-4-11-16 5691 6751
2015-4-11-17 5683 6741
2015-4-11-18 5654 6713
2015-4-11-19 5608 6667
2015-4-11-20 5578 6639
2015-4-11-21 5543 6598
2015-4-11-22 5545 6604
2015-4-11-23 5531 6590
2015-4-12-0 5508 6568
2015-4-12-1 5497 6555
2015-4-12-2 5507 6572
2015-4-12-3 5533 6598
2015-4-12-4 5570 6642
2015-4-12-5 5592 6658
2015-4-12-6 5637 6699
2015-4-12-7 5641 6702
2015-4-12-8 5650 6713
2015-4-12-9 5654 6714
2015-4-12-10 5659 6717
2015-4-12-11 5686 6746
2015-4-12-12 5679 6738
2015-4-12-13 5690 6747
2015-4-12-14 5706 6768
2015-4-12-15 5683 6743
2015-4-12-16 5691 6749
2015-4-12-17 5677 6733
2015-4-12-18 5640 6692
2015-4-12-19 5602 6649
2015-4-12-20 5559 6613
2015-4-12-21 5529 6582
2015-4-12-22 5512 6574
2015-4-12-23 5490 6551
2015-4-13-0 5456 6516
2015-4-13-1 5493 6551
2015-4-13-2 5518 6580
2015-4-13-3 5544 6608
2015-4-13-4 5563 6628
2015-4-13-5 5587 6648
2015-4-13-6 5602 6664
2015-4-13-7 5610 6668
2015-4-13-8 5630 6690
2015-4-13-9 5641 6695
2015-4-13-10 5652 6705
2015-4-13-11 5666 6720
2015-4-13-12 5686 6735
2015-4-13-13 5706 6752
2015-4-13-14 5717 6768
2015-4-13-15 5716 6766
2015-4-13-16 5734 6784
2015-4-13-17 5709 6755
2015-4-13-18 5680 6723
2015-4-13-19 5639 6681
2015-4-13-20 5611 6657
2015-4-13-21 5568 6615
2015-4-13-22 5560 6609
2015-4-13-23 5544 6596
2015-4-14-0 5534 6586
2015-4-14-1 5529 6580
2015-4-14-2 5541 6600
2015-4-14-3 5557 6617
2015-4-14-4 5576 6639
2015-4-14-5 5588 6642
2015-4-14-6 5598 6649
2015-4-14-7 5586 6635
2015-4-14-8 5608 6665
2015-4-14-9 5635 6689
2015-4-14-10 5636 6688
2015-4-14-11 5651 6703
2015-4-14-12 5666 6721
2015-4-14-13 5696 6752
2015-4-14-14 5703 6752
2015-4-14-15 5721 6767
2015-4-14-16 5725 6777
2015-4-14-17 5737 6787
2015-4-14-18 5737 6787
2015-4-14-19 5693 6741
2015-4-14-20 5592 6659
2015-4-14-21 5560 6624
2015-4-14-22 5546 6615
2015-4-14-23 5518 6585
2015-4-15-0 5501 6563
2015-4-15-1 5517 6569
2015-4-15-2 5539 6606
2015-4-15-3 5568 6637
2015-4-15-4 5594 6665
2015-4-15-5 5627 6694
2015-4-15-6 5637 6703
2015-4-15-7 5640 6703
2015-4-15-8 5644 6709
2015-4-15-9 5645 6712
2015-4-15-10 5647 6714
2015-4-15-11 5655 6726
2015-4-15-12 5640 6710
2015-4-15-13 5653 6725
2015-4-15-14 5679 6760
2015-4-15-15 5699 6779
2015-4-15-16 5694 6783
2015-4-15-17 5676 6752
2015-4-15-18 5649 6724
2015-4-15-19 5586 6663
2015-4-15-20 5564 6645
2015-4-15-21 5553 6634
2015-4-15-22 5551 6631
2015-4-15-23 5537 6617
2015-4-16-0 5506 6583
2015-4-16-1 5506 6579
2015-4-16-2 5524 6607
2015-4-16-3 5549 6633
2015-4-16-4 5591 6672
2015-4-16-5 5613 6689
2015-4-16-6 5607 6681
2015-4-16-7 5630 6701
2015-4-16-8 5636 6710
2015-4-16-9 5627 6704
2015-4-16-10 5626 6706
2015-4-16-11 5646 6726
2015-4-16-12 5660 6746
2015-4-16-13 5692 6777
2015-4-16-14 5674 6760
2015-4-16-15 5684 6764
2015-4-16-16 5712 6790
2015-4-16-17 5706 6781
2015-4-16-18 5675 6744
2015-4-16-19 5609 6682
2015-4-16-20 5585 6662
2015-4-16-21 5564 6644
2015-4-16-22 5557 6642
2015-4-16-23 5549 6634
2015-4-17-0 5533 6614
2015-4-17-1 5521 6594
2015-4-17-2 5549 6633
2015-4-17-3 5588 6672
2015-4-17-4 5617 6702
2015-4-17-5 5640 6725
2015-4-17-6 5647 6732
2015-4-17-7 5651 6733
2015-4-17-8 5658 6737
2015-4-17-9 5672 6751
2015-4-17-10 5661 6740
2015-4-17-11 5685 6767
2015-4-17-12 5696 6776
2015-4-17-13 5728 6804
2015-4-17-14 5724 6799
2015-4-17-15 5724 6799
2015-4-17-16 5724 6799
2015-4-17-17 5724 6799
2015-4-17-18 5724 6799
2015-4-17-19 5724 6799
2015-4-18-0 5567 6644
2015-4-18-1 5527 6601
2015-4-18-2 5538 6619
2015-4-18-3 5542 6623
2015-4-18-4 5542 6623
2015-4-18-5 5586 6668
2015-4-18-6 5645 6727
2015-4-18-7 5677 6757
2015-4-18-8 5685 6764
2015-4-18-9 5687 6766
2015-4-18-10 5679 6756
2015-4-18-11 5672 6745
2015-4-18-12 5691 6770
2015-4-18-13 5715 6789
2015-4-18-14 5728 6800
2015-4-18-15 5729 6799
2015-4-18-16 5708 6773
2015-4-18-17 5691 6761
2015-4-18-18 5668 6736
2015-4-18-19 5651 6721
2015-4-18-20 5634 6709
2015-4-18-21 5591 6665
2015-4-18-22 5580 6649
2015-4-18-23 5555 6625
2015-4-19-0 5551 6623
2015-4-19-1 5539 6607
2015-4-19-2 5545 6609
2015-4-19-3 5558 6621
2015-4-19-4 5591 6659
2015-4-19-5 5630 6700
2015-4-19-6 5667 6735
2015-4-19-7 5681 6741
2015-4-19-8 5672 6736
2015-4-19-9 5680 6746
2015-4-19-10 5708 6783
2015-4-19-11 5720 6791
2015-4-19-12 5718 6788
2015-4-19-13 5717 6786
2015-4-19-14 5719 6787
2015-4-19-15 5727 6795
2015-4-19-16 5733 6797
2015-4-19-17 5725 6787
2015-4-19-18 5686 6748
2015-4-19-19 5613 6674
2015-4-19-20 5603 6669
2015-4-19-21 5573 6635
2015-4-19-22 5556 6626
2015-4-19-23 5527 6594
2015-4-20-0 5524 6589
2015-4-20-1 5515 6577
2015-4-20-2 5554 6623
2015-4-20-3 5570 6643
2015-4-20-4 5598 6671
2015-4-20-5 5610 6678
2015-4-20-6 5622 6695
2015-4-20-7 5651 6723
2015-4-20-8 5648 6718
2015-4-20-9 5624 6688
2015-4-20-10 5631 6703
2015-4-20-11 5631 6701
2015-4-20-12 5654 6729
2015-4-20-13 5698 6791
2015-4-20-14 5728 6824
2015-4-20-15 5749 6844
2015-4-20-16 5742 6833
2015-4-20-17 5723 6808
2015-4-20-18 5695 6774
2015-4-22-12 5623 6687
2015-4-22-13 5652 6709
2015-4-22-14 5702 6758
2015-4-22-15 5696 6755
2015-4-22-16 5716 6778
2015-4-22-17 5694 6755
2015-4-22-18 5663 6726
2015-4-22-19 5616 6673
2015-4-22-20 5589 6647
2015-4-22-21 5554 6612
2015-4-22-22 5557 6619
2015-4-22-23 5538 6599
2015-4-23-0 5531 6593
2015-4-23-1 5531 6595
2015-4-23-2 5557 6627
2015-4-23-3 5559 6624
2015-4-23-4 5584 6647
2015-4-23-5 5603 6665
2015-4-23-6 5623 6692
2015-4-23-7 5622 6698
2015-4-23-8 5632 6709
2015-4-23-9 5628 6704
2015-4-23-10 5632 6711
2015-4-23-11 5637 6715
2015-4-23-12 5653 6729
2015-4-23-13 5674 6750
2015-4-23-14 5685 6758
2015-4-23-15 5692 6745
2015-4-23-16 5695 6714
2015-4-23-17 5670 6692
2015-4-23-18 5642 6667
2015-4-23-19 5589 6610
2015-4-23-20 5561 6591
2015-4-23-21 5541 6564
2015-4-23-22 5525 6549
2015-4-23-23 5514 6536
2015-4-24-0 5512 6534
2015-4-24-1 5502 6523
2015-4-24-2 5514 6544
2015-4-24-3 5532 6561
2015-4-24-4 5560 6587
2015-4-24-5 5573 6597
2015-4-24-6 5589 6608
2015-4-24-7 5598 6618
2015-4-24-8 5608 6626
2015-4-24-9 5615 6641
2015-4-24-10 5621 6643
2015-4-24-11 5625 6646
2015-4-24-12 5623 6632
2015-4-24-13 5644 6659
2015-4-24-14 5655 6670
2015-4-24-15 5671 6687
2015-4-24-16 5645 6659
2015-4-24-17 5639 6656
2015-4-24-18 5610 6627
2015-4-24-19 5584 6591
2015-4-24-20 5569 6579
2015-4-24-21 5538 6549
2015-4-24-22 5537 6550
2015-4-24-23 5495 6506
2015-4-25-0 5499 6510
2015-4-25-1 5499 6510
2015-4-25-2 5465 6476
2015-4-25-3 5504 6519
2015-4-25-4 5546 6561
2015-4-25-5 5595 6613
2015-4-25-6 5613 6628
2015-4-25-7 5626 6641
2015-4-25-8 5615 6633
2015-4-25-9 5624 6645
2015-4-25-10 5623 6642
2015-4-25-11 5616 6636
2015-4-25-12 5625 6650
2015-4-25-13 5628 6652
2015-4-25-14 5628 6652
2015-4-25-15 5634 6655
2015-4-25-16 5629 6652
2015-4-25-17 5601 6625
2015-4-25-18 5574 6596
2015-4-25-19 5558 6573
2015-4-25-20 5536 6561
2015-4-25-21 5514 6540
2015-4-25-22 5500 6527
2015-4-25-23 5478 6505
2015-4-26-0 5467 6493
2015-4-26-1 5458 6480
2015-4-26-2 5468 6498
2015-4-26-3 5479 6507
2015-4-26-4 5532 6560
2015-4-26-5 5574 6601
2015-4-26-6 5593 6617
2015-4-26-7 5610 6630
2015-4-26-8 5614 6636
2015-4-26-9 5609 6627
2015-4-26-10 5594 6620
2015-4-26-11 5602 6625
2015-4-26-12 5612 6628
2015-4-26-13 5637 6653
2015-4-26-14 5649 6669
2015-4-26-15 5644 6662
2015-4-26-16 5650 6661
2015-4-26-17 5656 6657
2015-4-26-18 5614 6619
2015-4-26-19 5555 6562
2015-4-26-20 5517 6523
2015-4-26-21 5492 6504
2015-4-26-22 5499 6512
2015-4-26-23 5486 6500
2015-4-27-0 5486 6499
2015-4-27-1 5486 6497
2015-4-27-2 5500 6518
2015-4-27-3 5518 6539
2015-4-27-4 5550 6570
2015-4-27-5 5573 6590
2015-4-27-6 5570 6580
2015-4-27-7 5550 6563
2015-4-27-8 5563 6577
2015-4-27-9 5563 6577
2015-4-27-10 5568 6568
2015-4-27-11 5575 6583
2015-4-27-12 5609 6615
2015-4-27-13 5649 6652
2015-4-27-14 5656 6655
2015-4-27-15 5670 6661
2015-4-27-16 5640 6624
2015-4-27-17 5622 6610
2015-4-27-18 5568 6557
2015-4-27-19 5528 6512
2015-4-27-20 5517 6508
2015-4-27-21 5485 6475
2015-4-27-22 5481 6475
2015-4-27-23 5462 6457
2015-4-28-0 5466 6457
2015-4-28-1 5461 6452
2015-4-28-2 5478 6475
2015-4-28-3 5485 6483
2015-4-28-4 5518 6513
2015-4-28-5 5560 6556
2015-4-28-6 5558 6550
2015-4-28-7 5555 6547
2015-4-28-8 5563 6560
2015-4-28-9 5568 6552
2015-4-28-10 5584 6561
2015-4-28-11 5591 6578
2015-4-28-12 5604 6588
2015-4-28-13 5634 6617
2015-4-28-14 5629 6617
2015-4-28-15 5647 6634
2015-4-28-16 5627 6613
2015-4-28-17 5603 6593
2015-4-28-18 5553 6545
2015-4-28-19 5493 6479
2015-4-28-20 5476 6464
2015-4-28-21 5457 6445
2015-4-28-22 5448 6443
2015-4-28-23 5426 6420