358 33 345 33 2 
179 60 31 5 5 
55 37 6 3 1 
367 40 1 1 1 
933 16 1 1 1 
674 524 46 1 1 
557 9 557 9 2 
976 569 170 28 9 
935 28 13 2 2 
709 481 23 1 1 
378 9 70 3 3 
867 11 7 1 1 
841 41 10 1 1 
627 8 1 1 1 
647 237 10 1 1 
513 10 9 9 9 
389 26 1 1 1 
168 1 1 1 1 
646 646 296 3 1 
280 95 82 65 65 
371 371 371 371 371 
147 3 1 1 1 
485 373 11 1 1 
128 46 5 1 1 
921 29 9 5 2 
2 2 2 2 2 
26 26 26 26 26 
217 27 161 2 2 
133 8 1 1 1 
583 2 1 1 1 
55 2 1 1 1 
334 310 105 49 1 
146 48 3 1 1 
962 119 7 1 1 
314 2 1 1 1 
425 43 21 1 1 
720 90 2 1 1 
991 991 35 1 1 
816 772 18 1 1 
910 805 772 1 1 
499 15 14 1 1 
67 31 25 1 1 
252 12 6 1 1 
170 23 1 1 1 
30 29 1 1 1 
591 6 2 1 1 
925 9 824 9 2 
822 574 78 3 3 
169 10 16 1 1 
279 74 74 1 1 
117 9 9 4 1 
593 42 5 2 2 
897 12 749 12 3 
164 134 24 2 1 
24 8 1 1 1 
349 14 1 1 1 
61 1 1 1 1 
415 1 1 1 1 
337 8 60 3 1 
106 14 1 1 1 
237 70 237 34 33 
973 1 1 1 1 
672 672 672 5 4 
732 2 18 2 2 
988 23 20 1 1 
432 179 19 1 1 
488 488 389 42 11 
54 5 1 1 1 
82 82 82 18 6 
86 4 1 1 1 
987 26 15 1 1 
655 4 4 1 1 
765 5 1 1 1 
529 7 2 1 1 
244 61 4 1 1 
221 118 20 15 14 
298 37 32 2 1 
984 984 158 3 3 
639 6 1 1 1 
849 844 844 806 6 
528 528 528 3 1 
918 1 1 1 1 
137 6 2 1 1 
414 89 1 1 1 
675 5 4 1 1 
211 32 8 1 1 
975 2 2 1 1 
988 3 1 1 1 
855 10 1 1 1 
181 43 1 1 1 
492 80 23 1 1 
569 59 9 1 1 
939 33 8 1 1 
739 61 3 2 2 
291 10 1 1 1 
893 5 1 1 1 
265 3 39 1 1 
292 4 1 1 1 
361 4 1 1 1 
998 3 1 1 1 
369 2 2 1 1 
330 6 2 1 1 
229 12 1 1 1 
346 16 2 1 1 
365 8 1 1 1 
947 11 1 1 1 
943 12 9 9 9 
259 164 2 1 1 
385 12 7 1 1 
375 375 17 1 1 
87 61 5 1 1 
389 18 18 2 1 
210 210 210 19 3 
36 36 36 1 1 
960 14 6 1 1 
395 1 1 1 1 
740 13 7 1 1 
688 8 681 8 6 
711 10 1 1 1 
337 8 5 1 1 
823 289 289 2 1 
356 181 356 180 176 
959 959 959 956 131 
696 4 4 1 1 
918 2 1 1 1 
305 1 1 1 1 
719 67 3 1 1 
471 67 63 1 1 
830 4 4 2 2 
252 6 1 1 1 
130 3 2 1 1 
979 396 3 1 1 
168 6 4 1 1 
634 10 1 1 1 
580 31 1 1 1 
934 8 131 8 1 
646 42 26 1 1 
879 845 382 1 1 
328 123 18 1 1 
144 8 7 1 1 
911 733 88 1 1 
858 837 837 10 10 
793 125 125 13 4 
858 858 858 44 25 
128 7 1 1 1 
949 10 1 1 1 
493 36 35 35 1 
529 65 7 1 1 
84 16 6 1 1 
763 185 1 1 1 
839 1 1 1 1 
980 166 980 166 1 
266 12 14 1 1 
662 14 1 1 1 
625 24 1 1 1 
791 23 5 2 2 
436 70 2 1 1 
493 1 1 1 1 
133 59 2 1 1 
755 11 1 1 1 
193 1 1 1 1 
913 7 1 1 1 
888 1 1 1 1 
842 2 1 1 1 
916 910 908 1 1 
795 4 43 4 2 
897 6 34 6 2 
423 10 199 7 1 
49 2 13 1 1 
41 11 2 1 1 
971 6 1 1 1 
642 83 58 1 1 
120 8 7 2 2 
628 435 30 12 1 
580 3 3 1 1 
339 16 16 1 1 
86 3 3 1 1 
358 131 98 1 1 
135 30 1 1 1 
904 12 3 3 3 
93 19 1 1 1 
962 2 571 3 2 
492 12 3 1 1 
634 24 13 1 1 
887 329 299 1 1 
535 343 21 1 1 
170 6 6 1 1 
141 1 1 1 1 
703 3 1 1 1 
31 4 1 1 1 
954 2 2 1 1 
817 456 456 440 440 
730 30 30 1 1 
324 21 8 1 1 
414 230 5 1 1 
705 1 1 1 1 
409 4 3 1 1 
718 3 3 3 3 
794 9 1 1 1 
794 4 10 4 2 
352 352 352 5 5 
225 24 24 19 1 
144 2 144 2 2 
80 2 2 2 2 
537 123 6 3 1 
118 6 1 1 1 
670 17 8 2 1 
606 81 3 3 2 
488 161 3 2 2 
631 46 7 5 5 
924 48 48 3 1 
91 91 1 1 1 
860 860 1 1 1 
188 17 16 1 1 
610 3 3 1 1 
569 1 1 1 1 
219 20 20 2 1 
241 4 4 1 1 
214 27 5 1 1 
696 33 33 1 1 
328 82 1 1 1 
296 296 296 15 1 
461 21 3 1 1 
182 157 157 7 1 
413 413 413 413 15 
843 16 359 16 4 
202 13 1 1 1 
252 30 6 1 1 
895 17 1 1 1 
754 525 116 14 14 
891 7 7 7 7 
564 141 141 72 15 
827 4 6 1 1 
817 142 34 8 1 
373 22 18 1 1 
574 197 197 196 196 
83 70 21 15 14 
274 7 7 1 1 
618 1 1 1 1 
307 307 135 1 1 
480 311 1 1 1 
328 16 2 2 1 
235 10 2 2 1 
98 56 56 56 56 
996 41 3 1 1 
996 915 555 549 541 
296 15 1 1 1 
864 6 10 1 1 
213 4 1 1 1 
336 5 20 1 1 
873 7 1 1 1 
249 5 1 1 1 
626 8 2 1 1 
713 161 161 2 1 
189 189 16 1 1 
692 139 139 104 1 
402 3 1 1 1 
357 137 130 3 1 
559 247 66 1 1 
257 160 8 1 1 
421 129 129 1 1 
468 2 141 2 2 
82 10 1 1 1 
407 407 406 196 196 
159 57 57 55 55 
783 2 2 1 1 
487 124 124 124 124 
866 2 2 1 1 
867 3 3 1 1 
612 3 3 1 1 
924 2 2 2 1 
688 67 10 1 1 
685 47 1 1 1 
82 43 43 2 2 
908 9 819 2 2 
125 75 1 1 1 
127 73 127 73 73 
585 20 7 1 1 
212 212 168 2 1 
195 2 2 1 1 
533 6 3 1 1 
14 14 14 1 1 
967 213 224 21 1 
894 40 1 1 1 
419 419 143 4 3 
274 10 10 1 1 
30 14 2 1 1 
993 584 4 1 1 
545 177 177 2 1 
336 133 12 1 1 
7 7 1 1 1 
947 62 2 2 2 
72 2 2 2 2 
797 797 2 1 1 
728 92 9 1 1 
120 120 120 1 1 
78 78 78 1 1 
216 66 24 24 24 
541 4 124 4 2 
770 217 215 215 215 
621 474 116 2 1 
346 22 1 1 1 
671 671 20 1 1 
615 1 1 1 1 
166 2 1 1 1 
34 4 1 1 1 
926 2 1 1 1 
556 156 24 1 1 
19 5 4 1 1 
442 4 1 1 1 
992 18 18 18 17 
543 3 3 2 1 
723 136 1 1 1 
962 493 15 1 1 
999 62 10 2 1 
83 9 54 9 1 
569 25 19 1 1 
175 19 6 3 1 
864 7 1 1 1 
49 32 1 1 1 
363 4 4 1 1 
135 11 1 1 1 
738 34 12 1 1 
173 25 2 1 1 
491 48 10 2 1 
136 52 3 1 1 
503 39 10 5 1 
386 3 15 2 2 
457 63 63 11 11 
753 53 21 4 2 
323 6 1 1 1 
745 38 2 1 1 
134 6 1 1 1 
21 5 14 3 3 
313 5 1 1 1 
405 6 1 1 1 
785 6 783 6 1 
507 22 1 1 1 
906 906 1 1 1 
865 16 147 16 4 
187 64 1 1 1 
909 647 8 1 1 
630 11 3 1 1 
227 11 1 1 1 
182 4 3 1 1 
941 8 464 8 3 
712 2 2 1 1 
762 14 1 1 1 
577 77 22 1 1 
198 4 2 1 1 
261 64 14 1 1 
405 82 2 2 1 
654 491 8 2 1 
294 241 3 1 1 
211 21 187 21 2 
896 19 1 1 1 
245 35 4 1 1 
130 14 1 1 1 
911 79 6 1 1 
698 16 2 1 1 
98 9 4 1 1 
488 20 12 1 1 
311 115 2 1 1 
188 188 188 184 167 
740 187 187 1 1 
646 540 62 14 14 
624 190 268 1 1 
809 55 6 2 2 
338 10 8 7 5 
712 3 189 4 1 
27 6 17 1 1 
166 8 8 1 1 
113 70 20 1 1 
361 13 2 2 2 
20 10 3 1 1 
479 5 2 2 2 
529 5 149 2 2 
920 22 3 1 1 
98 92 39 18 18 
162 7 7 7 5 
412 412 23 17 17 
971 8 6 1 1 
396 1 1 1 1 
871 1 1 1 1 
256 4 2 1 1 
979 13 979 27 3 
229 11 2 1 1 
312 28 312 77 1 
646 9 1 1 1 
26 3 1 1 1 
43 1 1 1 1 
687 1 1 1 1 
213 11 1 1 1 
199 21 1 1 1 
812 2 1 1 1 
478 6 2 2 1 
838 18 1 1 1 
996 21 1 1 1 
428 6 1 1 1 
674 53 1 1 1 
17 6 6 3 3 
756 67 2 1 1 
641 10 1 1 1 
393 9 1 1 1 
383 5 1 1 1 
584 7 7 1 1 
810 3 3 1 1 
237 170 16 1 1 
420 4 4 2 2 
690 71 30 1 1 
910 15 9 1 1 
173 4 4 1 1 
667 5 5 1 1 
402 12 7 1 1 
486 2 1 1 1 
207 4 4 3 3 
146 9 1 1 1 
649 22 6 2 2 
105 18 1 1 1 
679 13 11 1 1 
968 341 13 1 1 
474 114 309 114 102 
892 719 719 1 1 
36 2 1 1 1 
802 6 1 1 1 
18 1 1 1 1 
706 48 3 1 1 
625 2 2 1 1 
510 13 1 1 1 
511 2 2 1 1 
925 10 1 1 1 
566 83 9 1 1 
293 21 20 18 13 
295 30 7 1 1 
87 48 3 1 1 
481 39 5 2 1 
934 221 2 2 2 
577 26 4 1 1 
793 161 38 34 29 
107 94 5 3 3 
726 726 4 2 2 
439 35 35 4 1 
380 21 1 1 1 
759 708 12 3 1 
989 5 2 1 1 
172 166 4 1 1 
887 14 2 1 1 
377 30 1 1 1 
425 11 7 1 1 
986 233 15 1 1 
432 72 10 1 1 
526 48 2 2 1 
670 34 3 1 1 
572 331 21 1 1 
565 142 9 5 1 
910 3 3 3 3 
608 22 4 1 1 
191 104 185 97 90 
149 149 137 2 2 
976 12 23 1 1 
480 4 2 1 1 
792 6 6 1 1 
283 2 2 1 1 
336 1 1 1 1 
974 1 1 1 1 
40 40 40 8 1 
11 5 2 1 1 
386 278 49 8 1 
93 2 2 2 2 
298 137 1 1 1 
487 6 2 1 1 
154 12 1 1 1 
722 25 4 1 1 
225 225 225 2 1 
63 13 2 1 1 
469 45 12 2 2 
218 134 45 1 1 
223 9 1 1 1 
565 5 5 1 1 
637 8 8 1 1 
541 71 4 1 1 
122 73 1 1 1 
622 10 2 1 1 
479 9 2 1 1 
271 3 3 1 1 
862 6 2 1 1 
972 2 1 1 1 
713 13 1 1 1 
64 10 1 1 1 
322 106 14 14 14 
884 15 141 15 3 
770 770 770 685 648 
429 90 89 8 7 
989 9 1 1 1 
933 919 15 5 1 
186 13 2 1 1 
265 7 7 1 1 
690 690 2 1 1 
922 6 4 1 1 
626 237 9 1 1 
655 319 42 3 3 
543 4 2 1 1 
788 128 27 2 1 
476 172 4 1 1 
653 4 1 1 1 
97 4 3 1 1 
972 818 812 1 1 
1 1 1 1 1 
555 7 6 1 1 
77 42 8 1 1 
667 5 2 1 1 
379 122 122 3 1 
729 345 36 1 1 
593 3 12 3 2 
94 5 3 1 1 
424 6 1 1 1 
996 8 8 1 1 
561 3 561 3 1 
818 70 2 1 1 
913 14 1 1 1 
419 40 29 1 1 
791 527 2 1 1 
828 108 33 1 1 
841 11 3 3 3 
676 168 13 6 1 
810 24 10 2 1 
645 30 3 3 1 
624 5 4 1 1 
318 6 1 1 1 
231 2 2 1 1 
659 11 1 1 1 
856 214 194 2 1 
583 388 388 170 37 
179 179 164 20 2 
176 60 1 1 1 
627 7 4 1 1 
874 29 2 1 1 
222 5 3 1 1 
32 11 24 1 1 
191 17 9 1 1 
430 60 60 1 1 
377 357 377 138 67 
690 392 134 52 1 
895 865 895 863 863 
804 23 3 1 1 
762 325 325 10 1 
656 224 125 1 1 
977 2 9 1 1 
2 2 2 1 1 
140 140 140 140 6 
992 4 2 1 1 
340 340 216 134 134 
534 1 1 1 1 
922 164 6 5 1 
330 3 1 1 1 
53 1 4 1 1 
674 1 1 1 1 
987 5 1 1 1 
65 65 1 1 1 
514 10 2 1 1 
534 66 2 1 1 
121 14 121 14 2 
378 17 378 17 15 
224 2 22 2 1 
316 49 1 1 1 
787 90 20 6 6 
747 285 14 2 2 
328 20 5 1 1 
489 9 9 1 1 
965 66 1 1 1 
380 15 153 1 1 
557 1 1 1 1 
721 2 1 1 1 
475 116 12 1 1 
525 2 1 1 1 
812 4 4 1 1 
942 82 8 1 1 
957 287 287 9 4 
337 138 85 1 1 
230 6 1 1 1 
899 376 374 1 1 
360 65 16 1 1 
722 75 2 2 1 
872 4 4 1 1 
179 179 26 2 2 
466 1 1 1 1 
221 33 33 3 1 
71 26 4 1 1 
318 6 1 1 1 
821 17 1 1 1 
178 11 10 1 1 
169 145 169 145 144 
748 212 41 1 1 
613 613 613 13 1 
31 4 1 1 1 
684 5 2 1 1 
120 11 1 1 1 
499 48 7 2 1 
86 63 2 1 1 
693 178 33 1 1 
469 7 1 1 1 
714 88 88 15 3 
349 349 349 7 1 
324 9 9 9 8 
249 162 11 1 1 
505 505 37 2 2 
185 4 70 4 2 
66 60 23 1 1 
980 126 2 1 1 
811 8 2 1 1 
227 2 2 1 1 
394 8 1 1 1 
211 26 2 1 1 
771 771 769 595 578 
346 346 346 313 313 
204 20 7 1 1 
213 12 3 3 1 
653 3 1 1 1 
794 28 37 1 1 
492 37 1 1 1 
673 5 1 1 1 
554 47 3 1 1 
162 5 2 1 1 
426 9 2 1 1 
637 7 1 1 1 
840 69 4 1 1 
106 36 2 1 1 
18 18 18 18 18 
343 16 2 2 1 
702 702 702 702 162 
874 134 1 1 1 
223 208 27 2 2 
966 602 411 4 1 
395 7 395 41 3 
865 9 9 1 1 
215 215 215 2 2 
159 2 2 2 2 
112 10 7 2 1 
575 92 72 15 2 
34 4 1 1 1 
854 110 56 1 1 
530 282 7 1 1 
