1 0.53 1.09 1.28 1.47 2.04 0.104 0.8395 1.117 1.347 1.832
2 0.3 0.99 1.19 1.47 2.05 0.242 0.9015 1.174 1.3515 2.02
3 -39.43 4.02 24.71 37.28 84.06 -52.912 -13.4255 1.99 26.2885 74.928
4 -2.16 0.16 1.08 2.26 3.91 -2.35 -1.1075 -0.372 0.5225 1.966
5 -28.96 -24.34 -10.99 -10.28 7.35 -3.72 0.7125 14.041 14.4155 28.718
6 -0.06 0.33 0.59 0.86 1.36 -0.412 0.226 0.52 0.7585 1.458
7 0.89 14.96 16.93 30.47 44.47 -26.794 -12.823 -12.209 1.093 15.11
8 10.52 12.9 13.61 14.71 17.4 8.752 10.303 11.538 12.3435 15.204
9 -0.31 0.27 0.48 0.7 1.31 -0.562 0.036 0.34 0.656 1.146
10 0.23 0.74 0.93 1.09 1.6 0.014 0.502 0.738 0.914 1.422
11 0.58 0.9275 1.11 1.2425 1.67 0.364 0.758 0.936 1.137 1.672
12 0.42 0.93 1.13 1.4 2.02 0.278 0.7675 0.986 1.1775 1.764
13 -0.33 0.14 0.39 0.55 1.1 -0.114 0.392 0.578 0.908 1.508
14 0.49 0.94 1.22 1.43 1.9 0.538 0.861 1.016 1.215 1.66
15 -0.12 0.87 1.16 1.6 2.19 -5.028 -1.3575 0.912 1.4415 5.018
16 0.52 1.07 1.29 1.56 2.15 0.73 1.163 1.367 1.576 1.964
17 0.56 1.15 1.45 1.71 2.35 0.244 1.0425 1.346 1.608 2.24
18 -2.2 1.1 2.14 9.08 10.8 -20.188 -17.3505 -14.526 -8.9345 -6.282
19 0.52 1.0 1.35 1.59 2.02 0.098 0.813 1.187 1.379 2.174
20 -0.99 -0.37 -0.13 0.14 0.87 0.014 0.4265 0.728 0.909 1.42
21 -0.818 -0.408 -0.214 -0.05 0.306 -0.432 -0.0025 0.134 0.285 0.582
22 0.73 2.9 14.88 28.9 58.31 -26.714 -16.3 -12.205 1.129 15.312
23 0.49 1.46 1.63 3.11 3.89 0.418 1.1695 1.424 1.708 2.44
24 -0.03 1.04 1.38 1.77 2.57 -1.04 0.14 0.628 0.967 1.652
25 0.28 0.66 0.88 1.17 1.63 0.01 0.65 0.873 1.1465 1.642
26 0.08 0.74 0.96 1.18 1.84 -0.076 0.666 1.002 1.1855 1.812
27 -6.56 -2.76 -2.18 0.28 3.1 -6.068 -2.82 -2.301 0.4115 2.322
28 -6.19 1.62 8.76 9.17 16.8 8.336 16.0145 23.165 23.8115 31.286
29 -8.24 2.01 2.71 9.51 17.44 -7.174 3.141 4.516 11.366 18.946
30 0.82 14.62 16.46 30.09 44.29 -27.064 -13.181 -6.081 0.7805 15.194
31 0.76 1.37 3.01 3.22 3.6 0.728 1.072 1.211 1.4115 1.748
32 -54.68 -40.45 -40.09 -26.4 -10.68 -27.422 -13.0415 -12.617 1.0185 15.134
